<?xml version="1.0" encoding="UTF-8"?>
<!-- Generated by org.testng.reporters.JUnitReportReporter -->
<testsuite skipped="0" hostname="Niemas-MacBook-Pro.local" name="UI.tests.AddUserTest" tests="1" failures="0" timestamp="19 Jan 2020 21:17:59 GMT" time="16.275" errors="0">
  <testcase name="AddUserTest" time="16.275" classname="UI.tests.AddUserTest"/>
</testsuite> <!-- UI.tests.AddUserTest -->
