<?xml version="1.0" encoding="UTF-8"?>
<!-- Generated by org.testng.reporters.JUnitReportReporter -->
<testsuite skipped="0" hostname="Niemas-MacBook-Pro.local" name="UI.tests.FilterUserTest" tests="1" failures="0" timestamp="20 Jan 2020 06:48:57 GMT" time="29.357" errors="0">
  <testcase name="FilterUserTest" time="29.357" classname="UI.tests.FilterUserTest"/>
</testsuite> <!-- UI.tests.FilterUserTest -->
