<?xml version="1.0" encoding="UTF-8"?>
<!-- Generated by org.testng.reporters.JUnitReportReporter -->
<testsuite hostname="Niemas-MacBook-Pro.local" failures="0" tests="1" name="UI.tests.TestProject" time="0.595" errors="0" timestamp="18 Jan 2020 11:45:06 GMT" skipped="0">
  <testcase classname="UI.tests.TestProject" name="AddUserTest" time="0.595"/>
</testsuite> <!-- UI.tests.TestProject -->
