<?xml version="1.0" encoding="UTF-8"?>
<!-- Generated by org.testng.reporters.JUnitReportReporter -->
<testsuite skipped="0" hostname="Niemas-MacBook-Pro.local" name="Service.apiTest" tests="3" failures="0" timestamp="21 Jan 2020 03:23:50 GMT" time="8.624" errors="0">
  <testcase name="PostNewUser" time="0.266" classname="Service.apiTest"/>
  <testcase name="GetResponse" time="4.939" classname="Service.apiTest"/>
  <testcase name="PutUserInfo" time="3.419" classname="Service.apiTest"/>
</testsuite> <!-- Service.apiTest -->
