<?xml version="1.0" encoding="UTF-8"?>
<!-- Generated by org.testng.reporters.JUnitReportReporter -->
<testsuite skipped="0" hostname="Niemas-MacBook-Pro.local" name="UI.tests.AddUserTest" tests="1" failures="0" timestamp="21 Jan 2020 03:23:50 GMT" time="16.548" errors="0">
  <testcase name="AddUserTest" time="16.548" classname="UI.tests.AddUserTest"/>
</testsuite> <!-- UI.tests.AddUserTest -->
