<?xml version="1.0" encoding="UTF-8"?>
<!-- Generated by org.testng.reporters.JUnitReportReporter -->
<testsuite skipped="0" hostname="Niemas-MacBook-Pro.local" name="Service.apiTest" tests="1" failures="0" timestamp="20 Jan 2020 05:04:06 GMT" time="2.776" errors="0">
  <testcase name="PutUserInfo" time="2.776" classname="Service.apiTest"/>
</testsuite> <!-- Service.apiTest -->
