<?xml version="1.0" encoding="UTF-8"?>
<!-- Generated by org.testng.reporters.JUnitReportReporter -->
<testsuite skipped="0" hostname="Niemas-MacBook-Pro.local" name="Service.apiTest" tests="1" failures="0" timestamp="20 Jan 2020 00:56:24 GMT" time="3.129" errors="0">
  <testcase name="PostNewUser" time="3.129" classname="Service.apiTest"/>
</testsuite> <!-- Service.apiTest -->
